\BOOKMARK [0][-]{chapter.1}{\376\377\000I\000n\000t\000r\000o\000d\000u\000c\000t\000i\000o\000n}{}% 1
\BOOKMARK [1][-]{section.1.1}{\376\377\000M\000o\000t\000i\000v\000a\000t\000i\000o\000n}{chapter.1}% 2
\BOOKMARK [1][-]{section.1.2}{\376\377\000G\000o\000a\000l\000s\000\040\000\046\000\040\000S\000c\000o\000p\000e}{chapter.1}% 3
\BOOKMARK [1][-]{section.1.3}{\376\377\000C\000o\000n\000t\000r\000i\000b\000u\000t\000i\000o\000n\000s}{chapter.1}% 4
\BOOKMARK [1][-]{section.1.4}{\376\377\000S\000o\000f\000t\000w\000a\000r\000e}{chapter.1}% 5
\BOOKMARK [1][-]{section.1.5}{\376\377\000O\000u\000t\000l\000i\000n\000e}{chapter.1}% 6
\BOOKMARK [0][-]{chapter.2}{\376\377\000B\000a\000c\000k\000g\000r\000o\000u\000n\000d}{}% 7
\BOOKMARK [1][-]{section.2.1}{\376\377\000O\000p\000t\000i\000m\000i\000z\000a\000t\000i\000o\000n\000\040\000C\000o\000n\000c\000e\000p\000t\000s}{chapter.2}% 8
\BOOKMARK [2][-]{subsection.2.1.1}{\376\377\000C\000o\000m\000b\000i\000n\000a\000t\000o\000r\000i\000a\000l\000\040\000O\000p\000t\000i\000m\000i\000z\000a\000t\000i\000o\000n}{section.2.1}% 9
\BOOKMARK [2][-]{subsection.2.1.2}{\376\377\000B\000o\000u\000n\000d\000s}{section.2.1}% 10
\BOOKMARK [2][-]{subsection.2.1.3}{\376\377\000G\000l\000o\000b\000a\000l\000\040\000a\000n\000d\000\040\000L\000o\000c\000a\000l\000\040\000O\000p\000t\000i\000m\000i\000z\000a\000t\000i\000o\000n}{section.2.1}% 11
\BOOKMARK [2][-]{subsection.2.1.4}{\376\377\000B\000l\000a\000c\000k\000-\000B\000o\000x\000\040\000a\000n\000d\000\040\000G\000l\000a\000s\000s\000-\000B\000o\000x\000\040\000O\000p\000t\000i\000m\000i\000z\000a\000t\000i\000o\000n}{section.2.1}% 12
\BOOKMARK [1][-]{section.2.2}{\376\377\000O\000p\000t\000i\000m\000i\000z\000a\000t\000i\000o\000n\000\040\000S\000t\000r\000a\000t\000e\000g\000i\000e\000s}{chapter.2}% 13
\BOOKMARK [2][-]{subsection.2.2.1}{\376\377\000E\000x\000a\000c\000t\000,\000\040\000A\000p\000p\000r\000o\000x\000i\000m\000a\000t\000i\000o\000n\000\040\000a\000n\000d\000\040\000H\000e\000u\000r\000i\000s\000t\000i\000c\000\040\000M\000e\000t\000h\000o\000d\000s}{section.2.2}% 14
\BOOKMARK [2][-]{subsection.2.2.2}{\376\377\000C\000o\000n\000s\000t\000r\000u\000c\000t\000i\000v\000e\000\040\000S\000e\000a\000r\000c\000h}{section.2.2}% 15
\BOOKMARK [2][-]{subsection.2.2.3}{\376\377\000L\000o\000c\000a\000l\000\040\000S\000e\000a\000r\000c\000h}{section.2.2}% 16
\BOOKMARK [1][-]{section.2.3}{\376\377\000M\000e\000t\000a\000-\000H\000e\000u\000r\000i\000s\000t\000i\000c\000s}{chapter.2}% 17
\BOOKMARK [2][-]{subsection.2.3.1}{\376\377\000B\000e\000a\000m\000\040\000S\000e\000a\000r\000c\000h}{section.2.3}% 18
\BOOKMARK [2][-]{subsection.2.3.2}{\376\377\000I\000t\000e\000r\000a\000t\000e\000d\000\040\000G\000r\000e\000e\000d\000y}{section.2.3}% 19
\BOOKMARK [2][-]{subsection.2.3.3}{\376\377\000G\000r\000e\000e\000d\000y\000\040\000R\000a\000n\000d\000o\000m\000i\000z\000e\000d\000\040\000A\000d\000a\000p\000t\000i\000v\000e\000\040\000S\000e\000a\000r\000c\000h\000\040\000P\000r\000o\000c\000e\000d\000u\000r\000e}{section.2.3}% 20
\BOOKMARK [2][-]{subsection.2.3.4}{\376\377\000A\000n\000t\000\040\000C\000o\000l\000o\000n\000y\000\040\000O\000p\000t\000i\000m\000i\000z\000a\000t\000i\000o\000n}{section.2.3}% 21
\BOOKMARK [2][-]{subsection.2.3.5}{\376\377\000H\000i\000l\000l\000-\000C\000l\000i\000m\000b\000i\000n\000g}{section.2.3}% 22
\BOOKMARK [2][-]{subsection.2.3.6}{\376\377\000I\000t\000e\000r\000a\000t\000e\000d\000\040\000L\000o\000c\000a\000l\000\040\000S\000e\000a\000r\000c\000h}{section.2.3}% 23
\BOOKMARK [2][-]{subsection.2.3.7}{\376\377\000S\000i\000m\000u\000l\000a\000t\000e\000d\000\040\000A\000n\000n\000e\000a\000l\000i\000n\000g}{section.2.3}% 24
\BOOKMARK [2][-]{subsection.2.3.8}{\376\377\000T\000a\000b\000u\000\040\000S\000e\000a\000r\000c\000h}{section.2.3}% 25
\BOOKMARK [2][-]{subsection.2.3.9}{\376\377\000O\000u\000t\000l\000i\000n\000e}{section.2.3}% 26
\BOOKMARK [1][-]{section.2.4}{\376\377\000M\000o\000d\000e\000l\000l\000i\000n\000g}{chapter.2}% 27
\BOOKMARK [0][-]{chapter.3}{\376\377\000G\000o\000o\000g\000l\000e\000\040\000H\000a\000s\000h\000\040\000C\000o\000d\000e\000\040\000C\000o\000m\000p\000e\000t\000i\000t\000i\000o\000n}{}% 28
\BOOKMARK [1][-]{section.3.1}{\376\377\000H\000i\000s\000t\000o\000r\000y\000\040\000\046\000\040\000F\000o\000r\000m\000a\000t}{chapter.3}% 29
\BOOKMARK [1][-]{section.3.2}{\376\377\000P\000r\000o\000b\000l\000e\000m\000s}{chapter.3}% 30
\BOOKMARK [2][-]{subsection.3.2.1}{\376\377\000H\000a\000s\000h\000\040\000C\000o\000d\000e\000\040\0002\0000\0001\0004}{section.3.2}% 31
\BOOKMARK [2][-]{subsection.3.2.2}{\376\377\000H\000a\000s\000h\000\040\000C\000o\000d\000e\000\040\0002\0000\0001\0005}{section.3.2}% 32
\BOOKMARK [2][-]{subsection.3.2.3}{\376\377\000H\000a\000s\000h\000\040\000C\000o\000d\000e\000\040\0002\0000\0001\0006}{section.3.2}% 33
\BOOKMARK [2][-]{subsection.3.2.4}{\376\377\000H\000a\000s\000h\000\040\000C\000o\000d\000e\000\040\0002\0000\0001\0007}{section.3.2}% 34
\BOOKMARK [2][-]{subsection.3.2.5}{\376\377\000H\000a\000s\000h\000\040\000C\000o\000d\000e\000\040\0002\0000\0001\0008}{section.3.2}% 35
\BOOKMARK [2][-]{subsection.3.2.6}{\376\377\000H\000a\000s\000h\000\040\000C\000o\000d\000e\000\040\0002\0000\0001\0009}{section.3.2}% 36
\BOOKMARK [2][-]{subsection.3.2.7}{\376\377\000H\000a\000s\000h\000\040\000C\000o\000d\000e\000\040\0002\0000\0002\0000}{section.3.2}% 37
\BOOKMARK [2][-]{subsection.3.2.8}{\376\377\000H\000a\000s\000h\000\040\000C\000o\000d\000e\000\040\0002\0000\0002\0001}{section.3.2}% 38
\BOOKMARK [2][-]{subsection.3.2.9}{\376\377\000H\000a\000s\000h\000\040\000C\000o\000d\000e\000\040\0002\0000\0002\0002}{section.3.2}% 39
\BOOKMARK [2][-]{subsection.3.2.10}{\376\377\000O\000u\000t\000l\000i\000n\000e}{section.3.2}% 40
\BOOKMARK [1][-]{section.3.3}{\376\377\000I\000n\000s\000t\000a\000n\000c\000e\000s}{chapter.3}% 41
\BOOKMARK [1][-]{section.3.4}{\376\377\000C\000o\000n\000c\000l\000u\000d\000i\000n\000g\000\040\000R\000e\000m\000a\000r\000k\000s}{chapter.3}% 42
\BOOKMARK [0][-]{chapter.4}{\376\377\000P\000r\000i\000n\000c\000i\000p\000l\000e\000d\000\040\000M\000o\000d\000e\000l\000l\000i\000n\000g\000\040\000F\000r\000a\000m\000e\000w\000o\000r\000k}{}% 43
\BOOKMARK [0][-]{chapter.5}{\376\377\000O\000p\000t\000i\000m\000i\000z\000e\000\040\000a\000\040\000D\000a\000t\000a\000\040\000C\000e\000n\000t\000e\000r\000\040\000P\000r\000o\000b\000l\000e\000m}{}% 44
\BOOKMARK [0][-]{chapter.6}{\376\377\000B\000o\000o\000k\000\040\000S\000c\000a\000n\000n\000i\000n\000g\000\040\000P\000r\000o\000b\000l\000e\000m}{}% 45
\BOOKMARK [0][-]{chapter.7}{\376\377\000C\000o\000n\000c\000l\000u\000s\000i\000o\000n}{}% 46
\BOOKMARK [0][-]{section*.24}{\376\377\000A\000c\000r\000o\000n\000y\000m\000s}{}% 47
\BOOKMARK [0][-]{appendix*.26}{\376\377\000B\000i\000b\000l\000i\000o\000g\000r\000a\000p\000h\000y}{}% 48
